src/App.tsx(1,1): error TS6133: 'React' is declared but its value is never read.
src/pages/Convert.tsx(22,24): error TS2554: Expected 1 arguments, but got 0.
src/pages/Convert.tsx(81,60): error TS2304: Cannot find name 'GestureRecognizer'.
